0 info it worked if it ends with ok
1 verbose cli [ '/usr/local/bin/node', '/usr/local/bin/npm', 'run', 'lint' ]
2 info using npm@3.8.9
3 info using node@v6.2.0
4 verbose run-script [ 'prelint', 'lint', 'postlint' ]
5 info lifecycle es6-demo@1.0.0~prelint: es6-demo@1.0.0
6 silly lifecycle es6-demo@1.0.0~prelint: no script for prelint, continuing
7 info lifecycle es6-demo@1.0.0~lint: es6-demo@1.0.0
8 verbose lifecycle es6-demo@1.0.0~lint: unsafe-perm in lifecycle true
9 verbose lifecycle es6-demo@1.0.0~lint: PATH: /usr/local/lib/node_modules/npm/bin/node-gyp-bin:/Users/grant/Desktop/grantProject/es6-demo/node_modules/.bin:/usr/local/bin:/usr/local/bin:/usr/bin:/bin:/usr/sbin:/sbin
10 verbose lifecycle es6-demo@1.0.0~lint: CWD: /Users/grant/Desktop/grantProject/es6-demo
11 silly lifecycle es6-demo@1.0.0~lint: Args: [ '-c', 'eslint src' ]
12 silly lifecycle es6-demo@1.0.0~lint: Returned: code: 1  signal: null
13 info lifecycle es6-demo@1.0.0~lint: Failed to exec lint script
14 verbose stack Error: es6-demo@1.0.0 lint: `eslint src`
14 verbose stack Exit status 1
14 verbose stack     at EventEmitter.<anonymous> (/usr/local/lib/node_modules/npm/lib/utils/lifecycle.js:245:16)
14 verbose stack     at emitTwo (events.js:106:13)
14 verbose stack     at EventEmitter.emit (events.js:191:7)
14 verbose stack     at ChildProcess.<anonymous> (/usr/local/lib/node_modules/npm/lib/utils/spawn.js:24:14)
14 verbose stack     at emitTwo (events.js:106:13)
14 verbose stack     at ChildProcess.emit (events.js:191:7)
14 verbose stack     at maybeClose (internal/child_process.js:850:16)
14 verbose stack     at Process.ChildProcess._handle.onexit (internal/child_process.js:215:5)
15 verbose pkgid es6-demo@1.0.0
16 verbose cwd /Users/grant/Desktop/grantProject/es6-demo
17 error Darwin 16.3.0
18 error argv "/usr/local/bin/node" "/usr/local/bin/npm" "run" "lint"
19 error node v6.2.0
20 error npm  v3.8.9
21 error code ELIFECYCLE
22 error es6-demo@1.0.0 lint: `eslint src`
22 error Exit status 1
23 error Failed at the es6-demo@1.0.0 lint script 'eslint src'.
23 error Make sure you have the latest version of node.js and npm installed.
23 error If you do, this is most likely a problem with the es6-demo package,
23 error not with npm itself.
23 error Tell the author that this fails on your system:
23 error     eslint src
23 error You can get information on how to open an issue for this project with:
23 error     npm bugs es6-demo
23 error Or if that isn't available, you can get their info via:
23 error     npm owner ls es6-demo
23 error There is likely additional logging output above.
24 verbose exit [ 1, true ]
